<?xml version="1.0" encoding="UTF-8"?>
<testsuite name="prv.mark.project.common.util.StringUtilsTests" time="0.618" tests="12" errors="0" skipped="0" failures="0">
  <properties>
    <property name="idea.version" value="2016.1.3"/>
    <property name="java.runtime.name" value="Java(TM) SE Runtime Environment"/>
    <property name="sun.boot.library.path" value="C:\Java\jdk-8u92\jre\bin"/>
    <property name="java.vm.version" value="25.92-b14"/>
    <property name="java.vm.vendor" value="Oracle Corporation"/>
    <property name="java.vendor.url" value="http://java.oracle.com/"/>
    <property name="path.separator" value=";"/>
    <property name="guice.disable.misplaced.annotation.check" value="true"/>
    <property name="java.vm.name" value="Java HotSpot(TM) 64-Bit Server VM"/>
    <property name="file.encoding.pkg" value="sun.io"/>
    <property name="idea.launcher.port" value="7534"/>
    <property name="user.script" value=""/>
    <property name="user.country" value="US"/>
    <property name="sun.java.launcher" value="SUN_STANDARD"/>
    <property name="sun.os.patch.level" value="Service Pack 1"/>
    <property name="java.vm.specification.name" value="Java Virtual Machine Specification"/>
    <property name="user.dir" value="C:\GitHub_Repo\SampleProject2016"/>
    <property name="java.runtime.version" value="1.8.0_92-b14"/>
    <property name="java.awt.graphicsenv" value="sun.awt.Win32GraphicsEnvironment"/>
    <property name="java.endorsed.dirs" value="C:\Java\jdk-8u92\jre\lib\endorsed"/>
    <property name="os.arch" value="amd64"/>
    <property name="java.io.tmpdir" value="C:\Users\Admin\AppData\Local\Temp\"/>
    <property name="line.separator" value="&#10;"/>
    <property name="java.vm.specification.vendor" value="Oracle Corporation"/>
    <property name="user.variant" value=""/>
    <property name="os.name" value="Windows 7"/>
    <property name="classworlds.conf" value="C:\Users\Admin\IntelliJ IDEA Community Edition 2016.1.3\plugins\maven\lib\maven3\bin\m2.conf"/>
    <property name="sun.jnu.encoding" value="Cp1252"/>
    <property name="java.library.path" value="C:\Java\jdk-8u92\bin;C:\Windows\Sun\Java\bin;C:\Windows\system32;C:\Windows;.;C:\Java\jdk1.8.0_111\bin;C:\Oracle\Middleware\wls12212\wlserver\server\bin;C:\oraclexe\app\oracle\product\11.2.0\server\bin;C:\ProgramData\Oracle\Java\javapath;C:\Windows\system32;C:\Windows;C:\Windows\System32\Wbem;C:\Windows\System32\WindowsPowerShell\v1.0\;C:\Program Files\Git\cmd;C:\Program Files\Git\bin\git.exe;C:\apache-maven-3.3.9\apache-maven-3.3.9\bin;."/>
    <property name="java.specification.name" value="Java Platform API Specification"/>
    <property name="java.class.version" value="52.0"/>
    <property name="sun.management.compiler" value="HotSpot 64-Bit Tiered Compilers"/>
    <property name="os.version" value="6.1"/>
    <property name="user.home" value="C:\Users\Admin"/>
    <property name="user.timezone" value="America/Indianapolis"/>
    <property name="java.awt.printerjob" value="sun.awt.windows.WPrinterJob"/>
    <property name="java.specification.version" value="1.8"/>
    <property name="idea.launcher.bin.path" value="C:\Users\Admin\IntelliJ IDEA Community Edition 2016.1.3\bin"/>
    <property name="file.encoding" value="UTF-8"/>
    <property name="user.name" value="Admin"/>
    <property name="java.class.path" value="C:\Users\Admin\IntelliJ IDEA Community Edition 2016.1.3\plugins\maven\lib\maven3\boot\plexus-classworlds-2.4.jar;C:\Users\Admin\IntelliJ IDEA Community Edition 2016.1.3\lib\idea_rt.jar"/>
    <property name="java.vm.specification.version" value="1.8"/>
    <property name="sun.arch.data.model" value="64"/>
    <property name="java.home" value="C:\Java\jdk-8u92\jre"/>
    <property name="sun.java.command" value="com.intellij.rt.execution.application.AppMain org.codehaus.classworlds.Launcher -Didea.version=2016.1.3 clean install"/>
    <property name="java.specification.vendor" value="Oracle Corporation"/>
    <property name="user.language" value="en"/>
    <property name="awt.toolkit" value="sun.awt.windows.WToolkit"/>
    <property name="java.vm.info" value="mixed mode"/>
    <property name="java.version" value="1.8.0_92"/>
    <property name="java.ext.dirs" value="C:\Java\jdk-8u92\jre\lib\ext;C:\Windows\Sun\Java\lib\ext"/>
    <property name="sun.boot.class.path" value="C:\Java\jdk-8u92\jre\lib\resources.jar;C:\Java\jdk-8u92\jre\lib\rt.jar;C:\Java\jdk-8u92\jre\lib\sunrsasign.jar;C:\Java\jdk-8u92\jre\lib\jsse.jar;C:\Java\jdk-8u92\jre\lib\jce.jar;C:\Java\jdk-8u92\jre\lib\charsets.jar;C:\Java\jdk-8u92\jre\lib\jfr.jar;C:\Java\jdk-8u92\jre\classes"/>
    <property name="java.vendor" value="Oracle Corporation"/>
    <property name="maven.home" value="C:\Users\Admin\IntelliJ IDEA Community Edition 2016.1.3\plugins\maven\lib\maven3"/>
    <property name="file.separator" value="\"/>
    <property name="java.vendor.url.bug" value="http://bugreport.sun.com/bugreport/"/>
    <property name="sun.cpu.endian" value="little"/>
    <property name="sun.io.unicode.encoding" value="UnicodeLittle"/>
    <property name="sun.desktop" value="windows"/>
    <property name="sun.cpu.isalist" value="amd64"/>
  </properties>
  <testcase name="testContainsIgnoreCase" classname="prv.mark.project.common.util.StringUtilsTests" time="0.102"/>
  <testcase name="testZeroPadStringFromInt" classname="prv.mark.project.common.util.StringUtilsTests" time="0.034"/>
  <testcase name="testIsNumeric" classname="prv.mark.project.common.util.StringUtilsTests" time="0"/>
  <testcase name="testSafeString" classname="prv.mark.project.common.util.StringUtilsTests" time="0.001"/>
  <testcase name="testEmpty" classname="prv.mark.project.common.util.StringUtilsTests" time="0"/>
  <testcase name="testRegEx" classname="prv.mark.project.common.util.StringUtilsTests" time="0"/>
  <testcase name="testNegativeIsNumeric" classname="prv.mark.project.common.util.StringUtilsTests" time="0"/>
  <testcase name="testIsNotEmpty" classname="prv.mark.project.common.util.StringUtilsTests" time="0.003"/>
  <testcase name="testNegativeContainsIgnoreCase" classname="prv.mark.project.common.util.StringUtilsTests" time="0"/>
  <testcase name="testGetZeroPadString" classname="prv.mark.project.common.util.StringUtilsTests" time="0"/>
  <testcase name="testIsBlank" classname="prv.mark.project.common.util.StringUtilsTests" time="0.478"/>
  <testcase name="testIsEmpty" classname="prv.mark.project.common.util.StringUtilsTests" time="0"/>
</testsuite>