<dataset>
    <stock_quotes/>
</dataset>